#
# There is insufficient memory for the Java Runtime Environment to continue.
# Native memory allocation (mmap) failed to map 532676608 bytes. Error detail: G1 virtual space
# Possible reasons:
#   The system is out of physical RAM or swap space
#   This process is running with CompressedOops enabled, and the Java Heap may be blocking the growth of the native heap
# Possible solutions:
#   Reduce memory load on the system
#   Increase physical memory or swap space
#   Check if swap backing store is full
#   Decrease Java heap size (-Xmx/-Xms)
#   Decrease number of Java threads
#   Decrease Java thread stack sizes (-Xss)
#   Set larger code cache with -XX:ReservedCodeCacheSize=
#   JVM is running with Zero Based Compressed Oops mode in which the Java heap is
#     placed in the first 32GB address space. The Java Heap base address is the
#     maximum limit for the native heap growth. Please use -XX:HeapBaseMinAddress
#     to set the Java Heap base and to place the Java Heap above 32GB virtual address.
# This output file may be truncated or incomplete.
#
#  Out of Memory Error (os_windows.cpp:3616), pid=10088, tid=35212
#
# JRE version:  (21.0.5+11) (build )
# Java VM: OpenJDK 64-Bit Server VM (21.0.5+11-LTS, mixed mode, sharing, tiered, compressed oops, compressed class ptrs, g1 gc, windows-amd64)
# No core dump will be written. Minidumps are not enabled by default on client versions of Windows
#

---------------  S U M M A R Y ------------

Command Line: -Dfile.encoding=UTF-8 -Dstdout.encoding=UTF-8 -Dstderr.encoding=UTF-8 -XX:+ShowCodeDetailsInExceptionMessages cucumber.api.cli.Main D:/workspace/apache-tomcat-9.0.93/webapps/SemossWebQA/e2e/src/test/resources/Features/function/AddFunction.feature --glue classpath: --plugin pretty --monochrome

Host: Intel(R) Xeon(R) Platinum 8259CL CPU @ 2.50GHz, 8 cores, 31G,  Windows 11 , 64 bit Build 22621 (10.0.22621.5262)
Time: Thu Jun  5 11:54:18 2025 India Standard Time elapsed time: 0.084550 seconds (0d 0h 0m 0s)

---------------  T H R E A D  ---------------

Current thread (0x0000020f83a71f20):  JavaThread "Unknown thread" [_thread_in_vm, id=35212, stack(0x0000005e96700000,0x0000005e96800000) (1024K)]

Stack: [0x0000005e96700000,0x0000005e96800000]
Native frames: (J=compiled Java code, j=interpreted, Vv=VM code, C=native code)
V  [jvm.dll+0x6cd4e9]
V  [jvm.dll+0x8a7941]
V  [jvm.dll+0x8a9e6e]
V  [jvm.dll+0x8aa543]
V  [jvm.dll+0x27f6d6]
V  [jvm.dll+0x6c9c25]
V  [jvm.dll+0x6be84a]
V  [jvm.dll+0x355c6a]
V  [jvm.dll+0x35d836]
V  [jvm.dll+0x3af40e]
V  [jvm.dll+0x3af6b8]
V  [jvm.dll+0x329dfc]
V  [jvm.dll+0x32a95b]
V  [jvm.dll+0x870ba9]
V  [jvm.dll+0x3bc1e1]
V  [jvm.dll+0x859cd3]
V  [jvm.dll+0x4504ee]
V  [jvm.dll+0x452131]
C  [jli.dll+0x5278]
C  [ucrtbase.dll+0x29333]
C  [KERNEL32.DLL+0x1259d]
C  [ntdll.dll+0x5af58]


---------------  P R O C E S S  ---------------

Threads class SMR info:
_java_thread_list=0x00007ff8820d90c8, length=0, elements={
}

Java Threads: ( => current thread )
Total: 0

Other Threads:
  0x0000020f85c77cf0 WorkerThread "GC Thread#0"                     [id=2884, stack(0x0000005e96800000,0x0000005e96900000) (1024K)]
  0x0000020f85c7cbc0 ConcurrentGCThread "G1 Main Marker"            [id=30592, stack(0x0000005e96900000,0x0000005e96a00000) (1024K)]
  0x0000020f85c7d5d0 WorkerThread "G1 Conc#0"                       [id=35048, stack(0x0000005e96a00000,0x0000005e96b00000) (1024K)]

[error occurred during error reporting (printing all threads), id 0xc0000005, EXCEPTION_ACCESS_VIOLATION (0xc0000005) at pc=0x00007ff8817dc727]
VM state: not at safepoint (not fully initialized)

VM Mutex/Monitor currently owned by a thread:  ([mutex/lock_event])
[0x00007ff88214d480] Heap_lock - owner thread: 0x0000020f83a71f20

Heap address: 0x0000000607400000, size: 8076 MB, Compressed Oops mode: Zero based, Oop shift amount: 3

CDS archive(s) mapped at: [0x0000000000000000-0x0000000000000000-0x0000000000000000), size 0, SharedBaseAddress: 0x0000000800000000, ArchiveRelocationMode: 1.
Narrow klass base: 0x0000000000000000, Narrow klass shift: 0, Narrow klass range: 0x0

GC Precious Log:
 CardTable entry size: 512
 Card Set container configuration: InlinePtr #cards 4 size 8 Array Of Cards #cards 32 size 80 Howl #buckets 8 coarsen threshold 7372 Howl Bitmap #cards 1024 size 144 coarsen threshold 921 Card regions per heap region 1 cards per card region 8192

Heap:
 garbage-first heap   total 0K, used 0K [0x0000000607400000, 0x0000000800000000)
  region size 4096K, 0 young (0K), 0 survivors (0K)

[error occurred during error reporting (printing heap information), id 0xc0000005, EXCEPTION_ACCESS_VIOLATION (0xc0000005) at pc=0x00007ff881bc6f49]
GC Heap History (0 events):
No events

Dll operation events (1 events):
Event: 0.071 Loaded shared library D:\Users\pranchaudhari\Desktop\AICore\eclipse\plugins\org.eclipse.justj.openjdk.hotspot.jre.full.win32.x86_64_21.0.5.v20241023-1957\jre\bin\java.dll

Deoptimization events (0 events):
No events

Classes loaded (0 events):
No events

Classes unloaded (0 events):
No events

Classes redefined (0 events):
No events

Internal exceptions (0 events):
No events

ZGC Phase Switch (0 events):
No events

VM Operations (0 events):
No events

Memory protections (0 events):
No events

Nmethod flushes (0 events):
No events

Events (0 events):
No events


Dynamic libraries:
0x00007ff749a10000 - 0x00007ff749a1e000 	D:\Users\pranchaudhari\Desktop\AICore\eclipse\plugins\org.eclipse.justj.openjdk.hotspot.jre.full.win32.x86_64_21.0.5.v20241023-1957\jre\bin\javaw.exe
0x00007ff95e070000 - 0x00007ff95e287000 	C:\WINDOWS\SYSTEM32\ntdll.dll
0x00007ff95cbe0000 - 0x00007ff95cca4000 	C:\WINDOWS\System32\KERNEL32.DLL
0x00007ff95b320000 - 0x00007ff95b6f3000 	C:\WINDOWS\System32\KERNELBASE.dll
0x00007ff95b910000 - 0x00007ff95ba21000 	C:\WINDOWS\System32\ucrtbase.dll
0x00007ff93bcc0000 - 0x00007ff93bcd8000 	D:\Users\pranchaudhari\Desktop\AICore\eclipse\plugins\org.eclipse.justj.openjdk.hotspot.jre.full.win32.x86_64_21.0.5.v20241023-1957\jre\bin\jli.dll
0x00007ff93ba60000 - 0x00007ff93ba7e000 	D:\Users\pranchaudhari\Desktop\AICore\eclipse\plugins\org.eclipse.justj.openjdk.hotspot.jre.full.win32.x86_64_21.0.5.v20241023-1957\jre\bin\VCRUNTIME140.dll
0x00007ff95c840000 - 0x00007ff95c9f1000 	C:\WINDOWS\System32\USER32.dll
0x00007ff95bb60000 - 0x00007ff95bb86000 	C:\WINDOWS\System32\win32u.dll
0x00007ff9482f0000 - 0x00007ff94858b000 	C:\WINDOWS\WinSxS\amd64_microsoft.windows.common-controls_6595b64144ccf1df_6.0.22621.5262_none_2712bde373830908\COMCTL32.dll
0x00007ff95be60000 - 0x00007ff95be89000 	C:\WINDOWS\System32\GDI32.dll
0x00007ff95c790000 - 0x00007ff95c837000 	C:\WINDOWS\System32\msvcrt.dll
0x00007ff95ba30000 - 0x00007ff95bb52000 	C:\WINDOWS\System32\gdi32full.dll
0x00007ff95b700000 - 0x00007ff95b79a000 	C:\WINDOWS\System32\msvcp_win.dll
0x00007ff95cba0000 - 0x00007ff95cbd1000 	C:\WINDOWS\System32\IMM32.DLL
0x00007ff95ad10000 - 0x00007ff95ae5a000 	C:\Program Files\Avecto\Privilege Guard Client\PGHook.dll
0x00007ff9479f0000 - 0x00007ff9479fc000 	D:\Users\pranchaudhari\Desktop\AICore\eclipse\plugins\org.eclipse.justj.openjdk.hotspot.jre.full.win32.x86_64_21.0.5.v20241023-1957\jre\bin\vcruntime140_1.dll
0x00007ff8f3450000 - 0x00007ff8f34dd000 	D:\Users\pranchaudhari\Desktop\AICore\eclipse\plugins\org.eclipse.justj.openjdk.hotspot.jre.full.win32.x86_64_21.0.5.v20241023-1957\jre\bin\msvcp140.dll
0x00007ff8814a0000 - 0x00007ff88222f000 	D:\Users\pranchaudhari\Desktop\AICore\eclipse\plugins\org.eclipse.justj.openjdk.hotspot.jre.full.win32.x86_64_21.0.5.v20241023-1957\jre\bin\server\jvm.dll
0x00007ff95c540000 - 0x00007ff95c5f1000 	C:\WINDOWS\System32\ADVAPI32.dll
0x00007ff95df80000 - 0x00007ff95e027000 	C:\WINDOWS\System32\sechost.dll
0x00007ff95b860000 - 0x00007ff95b888000 	C:\WINDOWS\System32\bcrypt.dll
0x00007ff95ca00000 - 0x00007ff95cb14000 	C:\WINDOWS\System32\RPCRT4.dll
0x00007ff95de20000 - 0x00007ff95de91000 	C:\WINDOWS\System32\WS2_32.dll
0x00007ff95af80000 - 0x00007ff95afcd000 	C:\WINDOWS\SYSTEM32\POWRPROF.dll
0x00007ff953580000 - 0x00007ff9535b4000 	C:\WINDOWS\SYSTEM32\WINMM.dll
0x00007ff953f40000 - 0x00007ff953f4a000 	C:\WINDOWS\SYSTEM32\VERSION.dll
0x00007ff95af60000 - 0x00007ff95af73000 	C:\WINDOWS\SYSTEM32\UMPDC.dll
0x00007ff959f30000 - 0x00007ff959f48000 	C:\WINDOWS\SYSTEM32\kernel.appcore.dll
0x00007ff956bd0000 - 0x00007ff956bda000 	D:\Users\pranchaudhari\Desktop\AICore\eclipse\plugins\org.eclipse.justj.openjdk.hotspot.jre.full.win32.x86_64_21.0.5.v20241023-1957\jre\bin\jimage.dll
0x00007ff953d00000 - 0x00007ff953f32000 	C:\WINDOWS\SYSTEM32\DBGHELP.DLL
0x00007ff95bff0000 - 0x00007ff95c383000 	C:\WINDOWS\System32\combase.dll
0x00007ff95dea0000 - 0x00007ff95df77000 	C:\WINDOWS\System32\OLEAUT32.dll
0x00007ff946d90000 - 0x00007ff946dc2000 	C:\WINDOWS\SYSTEM32\dbgcore.DLL
0x00007ff95b160000 - 0x00007ff95b1db000 	C:\WINDOWS\System32\bcryptPrimitives.dll
0x00007ff94fd30000 - 0x00007ff94fd4f000 	D:\Users\pranchaudhari\Desktop\AICore\eclipse\plugins\org.eclipse.justj.openjdk.hotspot.jre.full.win32.x86_64_21.0.5.v20241023-1957\jre\bin\java.dll

dbghelp: loaded successfully - version: 4.0.5 - missing functions: none
symbol engine: initialized successfully - sym options: 0x614 - pdb path: .;D:\Users\pranchaudhari\Desktop\AICore\eclipse\plugins\org.eclipse.justj.openjdk.hotspot.jre.full.win32.x86_64_21.0.5.v20241023-1957\jre\bin;C:\WINDOWS\SYSTEM32;C:\WINDOWS\WinSxS\amd64_microsoft.windows.common-controls_6595b64144ccf1df_6.0.22621.5262_none_2712bde373830908;C:\Program Files\Avecto\Privilege Guard Client;D:\Users\pranchaudhari\Desktop\AICore\eclipse\plugins\org.eclipse.justj.openjdk.hotspot.jre.full.win32.x86_64_21.0.5.v20241023-1957\jre\bin\server

VM Arguments:
jvm_args: -Dfile.encoding=UTF-8 -Dstdout.encoding=UTF-8 -Dstderr.encoding=UTF-8 -XX:+ShowCodeDetailsInExceptionMessages 
java_command: cucumber.api.cli.Main D:/workspace/apache-tomcat-9.0.93/webapps/SemossWebQA/e2e/src/test/resources/Features/function/AddFunction.feature --glue classpath: --plugin pretty --monochrome
java_class_path (initial): D:\workspace\apache-tomcat-9.0.93\webapps\SemossWebQA\e2e\target\classes;D:\workspace\apache-tomcat-9.0.93\webapps\SemossWebQA\e2e\target\test-classes;D:\Users\pranchaudhari\.m2\repository\org\apache\logging\log4j\log4j-core\2.24.3\log4j-core-2.24.3.jar;D:\Users\pranchaudhari\.m2\repository\org\apache\logging\log4j\log4j-api\2.24.3\log4j-api-2.24.3.jar;D:\Users\pranchaudhari\.m2\repository\com\microsoft\playwright\playwright\1.49.0\playwright-1.49.0.jar;D:\Users\pranchaudhari\.m2\repository\com\google\code\gson\gson\2.11.0\gson-2.11.0.jar;D:\Users\pranchaudhari\.m2\repository\com\google\errorprone\error_prone_annotations\2.27.0\error_prone_annotations-2.27.0.jar;D:\Users\pranchaudhari\.m2\repository\org\opentest4j\opentest4j\1.3.0\opentest4j-1.3.0.jar;D:\Users\pranchaudhari\.m2\repository\com\microsoft\playwright\driver\1.49.0\driver-1.49.0.jar;D:\Users\pranchaudhari\.m2\repository\com\microsoft\playwright\driver-bundle\1.49.0\driver-bundle-1.49.0.jar;D:\Users\pranchaudhari\.m2\repository\commons-io\commons-io\2.18.0\commons-io-2.18.0.jar;D:\Users\pranchaudhari\.m2\repository\org\json\json\20250107\json-20250107.jar;D:\Users\pranchaudhari\.m2\repository\com\fasterxml\jackson\core\jackson-databind\2.18.2\jackson-databind-2.18.2.jar;D:\Users\pranchaudhari\.m2\repository\com\fasterxml\jackson\core\jackson-annotations\2.18.2\jackson-annotations-2.18.2.jar;D:\Users\pranchaudhari\.m2\repository\com\fasterxml\jackson\core\jackson-core\2.18.2\jackson-core-2.18.2.jar;D:\Users\pranchaudhari\.m2\repository\org\apache\httpcomponents\client5\httpclient5\5.4.3\httpclient5-5.4.3.jar;D:\Users\pranchaudhari\.m2\repository\org\apache\httpcomponents\core5\httpcore5\5.3.4\httpcore5-5.3.4.jar;D:\Users\pranchaudhari\.m2\repository\org\apache\httpcomponents\core5\httpcore5-h2\5.3.4\httpcore5-h2-5.3.4.jar;D:\Users\pranchaudhari\.m2\repository\org\slf4j\slf4j-api\1.7.36\slf4j-api-1.7.36.jar;D:\Users\pranchaudhari\.m2\repository\org\apache\httpcomponents\client5\httpclient5-fluent\5.4.3\httpclient5-fluent-5.4.3.jar;D:\Users\pranchaudhari\.m2\repository\io\cucumber\cucumber-junit\7.20.1\cucumber-junit-7.20.1.jar;D:\Users\pranchaudhari\.m2\repository\org\apiguardian\apiguardian-api\1.1.2\apiguardian-api-1.1.2.jar;D:\Users\pranchaudhari\.m2\repository\io\cucumber\cucumber-core\7.20.1\cucumber-core-7.20.1.jar;D:\Users\pranchaudhari\.m2\repository\io\cucumber\cucumber-gherkin\7.20.1\cucumber-gherkin-7.20.1.jar;D:\Users\pranchaudhari\.m2\repository\io\cucumber\cucumber-gherkin-messages\7.20.1\cucumber-gherkin-messages-7.20.1.jar;D:\Users\pranchaudhari\.m2\repository\io\cucumber\gherkin\28.0.0\gherkin-28.0.0.jar;D:\Users\pranchaudhari\.m2\repository\io\cucumber\messages\24.1.0\messages-24.1.0.jar;D:\Users\pranchaudhari\.m2\repository\io\cucumber\testng-xml-formatter\0.2.0\testng-xml-formatter-0.2.0.jar;D:\Users\pranchaudhari\.m2\repository\io\cucumber\query\12.2.0\query-12.2.0.jar;D:\Users\pranchaudhari\.m2\repository\io\cucumber\tag-expressions\6.1.0\tag-expressions-6.1.0.jar;D:\Users\pranchaudhari\.m2\repository\io\cucumber\cucumber-expressions\17.1.0\cucumber-expressions-17.1.0.jar;D:\Users\pranchaudhari\.m2\repository\io\cucumber\datatable\7.20.1\datatable-7.20.1.jar;D:\Users\pranchaudhari\.m2\repository\io\cucumber\cucumber-plugin\7.20.1\cucumber-plugin-7.20.1.jar;D:\Users\pranchaudhari\.m2\repository\io\cucumber\docstring\7.20.1\docstring-7.20.1.jar;D:\Users\pranchaudhari\.m2\repository\io\cucumber\html-formatter\21.7.0\html-formatter-21.7.0.jar;D:\Users\pranchaudhari\.m2\repository\io\cucumber\junit-xml-formatter\0.5.0\junit-xml-formatter-0.5.0.jar;D:\Users\pranchaudhari\.m2\repository\io\cucumber\ci-environment\10.0.1\ci-environment-10.0.1.jar;D:\Users\pranchaudhari\.m2\repository\junit\junit\4.13.2\junit-4.13.2.jar;D:\Users\pranchaudhari\.m2\repository\org\hamcrest\hamcrest-core\1.3\hamcrest-core-1.3.jar;D:\Users\pranchaudhari\.m2\repository\io\cucumber\cucumber-java\7.20.1\cucumber-java-7.20.1.jar;D:\Users\pranchaudhari\.m2\repository\org\junit\jupiter\junit-jupiter\5.11.4\junit-jupiter-5.11.4.jar;D:\Users\pranchaudhari\.m2\repository\org\junit\jupiter\junit-jupiter-params\5.11.4\junit-jupiter-params-5.11.4.jar;D:\Users\pranchaudhari\.m2\repository\org\junit\jupiter\junit-jupiter-api\5.11.4\junit-jupiter-api-5.11.4.jar;D:\Users\pranchaudhari\.m2\repository\org\junit\platform\junit-platform-commons\1.11.4\junit-platform-commons-1.11.4.jar;D:\Users\pranchaudhari\.m2\repository\org\junit\jupiter\junit-jupiter-engine\5.11.4\junit-jupiter-engine-5.11.4.jar;D:\Users\pranchaudhari\.m2\repository\org\junit\platform\junit-platform-engine\1.11.4\junit-platform-engine-1.11.4.jar;D:\Users\pranchaudhari\.m2\repository\org\assertj\assertj-core\3.27.3\assertj-core-3.27.3.jar;D:\Users\pranchaudhari\.m2\repository\net\bytebuddy\byte-buddy\1.15.11\byte-buddy-1.15.11.jar;D:\Users\pranchaudhari\.m2\repository\org\junit\vintage\junit-vintage-engine\5.11.4\junit-vintage-engine-5.11.4.jar
Launcher Type: SUN_STANDARD

[Global flags]
     intx CICompilerCount                          = 4                                         {product} {ergonomic}
     uint ConcGCThreads                            = 2                                         {product} {ergonomic}
     uint G1ConcRefinementThreads                  = 8                                         {product} {ergonomic}
   size_t G1HeapRegionSize                         = 4194304                                   {product} {ergonomic}
    uintx GCDrainStackTargetSize                   = 64                                        {product} {ergonomic}
   size_t InitialHeapSize                          = 532676608                                 {product} {ergonomic}
   size_t MarkStackSize                            = 4194304                                   {product} {ergonomic}
   size_t MaxHeapSize                              = 8468299776                                {product} {ergonomic}
   size_t MinHeapDeltaBytes                        = 4194304                                   {product} {ergonomic}
   size_t MinHeapSize                              = 8388608                                   {product} {ergonomic}
    uintx NonNMethodCodeHeapSize                   = 5839372                                {pd product} {ergonomic}
    uintx NonProfiledCodeHeapSize                  = 122909434                              {pd product} {ergonomic}
    uintx ProfiledCodeHeapSize                     = 122909434                              {pd product} {ergonomic}
    uintx ReservedCodeCacheSize                    = 251658240                              {pd product} {ergonomic}
     bool SegmentedCodeCache                       = true                                      {product} {ergonomic}
     bool ShowCodeDetailsInExceptionMessages       = true                                   {manageable} {command line}
   size_t SoftMaxHeapSize                          = 8468299776                             {manageable} {ergonomic}
     bool UseCompressedOops                        = true                           {product lp64_product} {ergonomic}
     bool UseG1GC                                  = true                                      {product} {ergonomic}
     bool UseLargePagesIndividualAllocation        = false                                  {pd product} {ergonomic}

Logging:
Log output configuration:
 #0: stdout all=warning uptime,level,tags foldmultilines=false
 #1: stderr all=off uptime,level,tags foldmultilines=false

Environment Variables:
JAVA_HOME=C:\Program Files\Java\jdk-21
PATH=D:/Users/pranchaudhari/Desktop/AICore/eclipse//plugins/org.eclipse.justj.openjdk.hotspot.jre.full.win32.x86_64_21.0.5.v20241023-1957/jre/bin/server;D:/Users/pranchaudhari/Desktop/AICore/eclipse//plugins/org.eclipse.justj.openjdk.hotspot.jre.full.win32.x86_64_21.0.5.v20241023-1957/jre/bin;C:\Program Files\Common Files\Oracle\Java\javapath;C:\WINDOWS\system32;C:\WINDOWS;C:\WINDOWS\System32\Wbem;C:\WINDOWS\System32\WindowsPowerShell\v1.0\;C:\WINDOWS\System32\OpenSSH\;C:\Program Files\dotnet\;C:\Program Files\Java\jdk-1.8\bin;C:\apache-maven-3.9.9\bin;C:\Program Files\nodejs\;C:\Program Files\Kubernetes\Minikube;D:\Users\pranchaudhari\Documents\R\R-4.2.3\bin;D:\Users\pranchaudhari\Documents\R\R-4.2.3\bin\x64;D:\Users\pranchaudhari\Documents\R\win-library\4.1;D:\Users\pranchaudhari\Documents\R\win-library\4.1\rJava\jri\x64;D:\Users\pranchaudhari\.pyenv\pyenv-win\bin;D:\Users\pranchaudhari\.pyenv\pyenv-win\shims;D:\Users\pranchaudhari\AppData\Local\Microsoft\WindowsApps;D:\Users\pranchaudhari\AppData\Local\Programs\Git\cmd;D:\Users\pranchaudhari\AppData\Roaming\npm;D:\Users\pranchaudhari\AppData\Local\Programs\Microsoft VS Code\bin;D:\Users\pranchaudhari\Desktop\AICore\eclipse;
USERNAME=pranchaudhari
OS=Windows_NT
PROCESSOR_IDENTIFIER=Intel64 Family 6 Model 85 Stepping 7, GenuineIntel
TMP=D:\Users\pranchaudhari\AppData\Local\Temp
TEMP=D:\Users\pranchaudhari\AppData\Local\Temp




Periodic native trim disabled

---------------  S Y S T E M  ---------------

OS:
 Windows 11 , 64 bit Build 22621 (10.0.22621.5262)
OS uptime: 6 days 18:42 hours
KVM virtualization detected

CPU: total 8 (initial active 8) (4 cores per cpu, 2 threads per core) family 6 model 85 stepping 7 microcode 0x5003901, cx8, cmov, fxsr, ht, mmx, 3dnowpref, sse, sse2, sse3, ssse3, sse4.1, sse4.2, popcnt, lzcnt, tsc, tscinvbit, avx, avx2, aes, erms, clmul, bmi1, bmi2, adx, avx512f, avx512dq, avx512cd, avx512bw, avx512vl, fma, vzeroupper, clflush, clflushopt, clwb, hv, rdtscp, f16c, pku
Processor Information for all 8 processors :
  Max Mhz: 2500, Current Mhz: 2500, Mhz Limit: 2500

Memory: 4k page, system-wide physical 32294M (7861M free)
TotalPageFile size 54549M (AvailPageFile size 396M)
current process WorkingSet (physical memory assigned to process): 12M, peak: 12M
current process commit charge ("private bytes"): 61M, peak: 568M

vm_info: OpenJDK 64-Bit Server VM (21.0.5+11-LTS) for windows-amd64 JRE (21.0.5+11-LTS), built on 2024-10-15T00:00:00Z by "admin" with MS VC++ 17.7 (VS2022)

END.
